⚠️  MOCK FALLBACK: Unhandled API route GET /api/current-referral
⚠️  MOCK FALLBACK: Unhandled API route POST /api/location/nearest-outlet
⚠️  MOCK FALLBACK: Unhandled API route POST /api/location/nearest-outlet
⚠️  MOCK FALLBACK: Unhandled API route POST /api/location/nearest-outlet
⚠️  MOCK FALLBACK: Unhandled API route GET /api/current-referral
⚠️  MOCK FALLBACK: Unhandled API route GET /api/scheduled-delivery/time-slots/9/2026-07-03?hasGiftBoxItems=false
⚠️  MOCK FALLBACK: Unhandled API route POST /api/location/nearest-outlet
⚠️  MOCK FALLBACK: Unhandled API route POST /api/location/nearest-outlet
⚠️  MOCK FALLBACK: Unhandled API route POST /api/location/nearest-outlet
⚠️  MOCK FALLBACK: Unhandled API route POST /api/location/nearest-outlet
⚠️  MOCK FALLBACK: Unhandled API route POST /api/location/nearest-outlet
⚠️  MOCK FALLBACK: Unhandled API route POST /api/location/nearest-outlet
⚠️  MOCK FALLBACK: Unhandled API route POST /api/location/nearest-outlet
⚠️  MOCK FALLBACK: Unhandled API route POST /api/location/nearest-outlet
⚠️  MOCK FALLBACK: Unhandled API route POST /api/location/nearest-outlet
⚠️  MOCK FALLBACK: Unhandled API route POST /api/location/nearest-outlet
⚠️  MOCK FALLBACK: Unhandled API route POST /api/location/nearest-outlet
⚠️  MOCK FALLBACK: Unhandled API route POST /api/location/nearest-outlet
⚠️  MOCK FALLBACK: Unhandled API route POST /api/location/nearest-outlet
⚠️  MOCK FALLBACK: Unhandled API route POST /api/location/nearest-outlet
⚠️  MOCK FALLBACK: Unhandled API route POST /api/location/nearest-outlet
⚠️  MOCK FALLBACK: Unhandled API route POST /api/location/nearest-outlet
⚠️  MOCK FALLBACK: Unhandled API route POST /api/location/nearest-outlet
⚠️  MOCK FALLBACK: Unhandled API route POST /api/location/nearest-outlet
⚠️  MOCK FALLBACK: Unhandled API route POST /api/location/nearest-outlet
⚠️  MOCK FALLBACK: Unhandled API route POST /api/location/nearest-outlet
⚠️  MOCK FALLBACK: Unhandled API route POST /api/location/nearest-outlet
⚠️  MOCK FALLBACK: Unhandled API route POST /api/location/nearest-outlet
⚠️  MOCK FALLBACK: Unhandled API route POST /api/location/nearest-outlet
⚠️  MOCK FALLBACK: Unhandled API route POST /api/location/nearest-outlet
⚠️  MOCK FALLBACK: Unhandled API route POST /api/location/nearest-outlet
⚠️  MOCK FALLBACK: Unhandled API route POST /api/location/nearest-outlet
⚠️  MOCK FALLBACK: Unhandled API route POST /api/location/nearest-outlet
⚠️  MOCK FALLBACK: Unhandled API route POST /api/location/nearest-outlet
⚠️  MOCK FALLBACK: Unhandled API route POST /api/location/nearest-outlet
⚠️  MOCK FALLBACK: Unhandled API route POST /api/location/nearest-outlet
⚠️  MOCK FALLBACK: Unhandled API route POST /api/promo-codes/auto-apply
⚠️  MOCK FALLBACK: Unhandled API route GET /api/current-referral
⚠️  MOCK FALLBACK: Unhandled API route GET /api/current-referral
⚠️  MOCK FALLBACK: Unhandled API route GET /api/scheduled-delivery/time-slots/9/2026-07-03?hasGiftBoxItems=false
⚠️  MOCK FALLBACK: Unhandled API route POST /api/location/nearest-outlet
⚠️  MOCK FALLBACK: Unhandled API route POST /api/location/nearest-outlet
⚠️  MOCK FALLBACK: Unhandled API route POST /api/location/nearest-outlet
⚠️  MOCK FALLBACK: Unhandled API route POST /api/location/nearest-outlet
⚠️  MOCK FALLBACK: Unhandled API route POST /api/location/nearest-outlet
⚠️  MOCK FALLBACK: Unhandled API route POST /api/location/nearest-outlet
⚠️  MOCK FALLBACK: Unhandled API route POST /api/location/nearest-outlet
⚠️  MOCK FALLBACK: Unhandled API route POST /api/location/nearest-outlet
⚠️  MOCK FALLBACK: Unhandled API route POST /api/location/nearest-outlet
⚠️  MOCK FALLBACK: Unhandled API route POST /api/location/nearest-outlet
⚠️  MOCK FALLBACK: Unhandled API route POST /api/location/nearest-outlet
⚠️  MOCK FALLBACK: Unhandled API route POST /api/location/nearest-outlet
⚠️  MOCK FALLBACK: Unhandled API route POST /api/location/nearest-outlet
⚠️  MOCK FALLBACK: Unhandled API route POST /api/location/nearest-outlet
⚠️  MOCK FALLBACK: Unhandled API route POST /api/location/nearest-outlet
⚠️  MOCK FALLBACK: Unhandled API route POST /api/location/nearest-outlet
⚠️  MOCK FALLBACK: Unhandled API route POST /api/location/nearest-outlet
⚠️  MOCK FALLBACK: Unhandled API route POST /api/location/nearest-outlet
⚠️  MOCK FALLBACK: Unhandled API route POST /api/location/nearest-outlet
⚠️  MOCK FALLBACK: Unhandled API route POST /api/location/nearest-outlet
⚠️  MOCK FALLBACK: Unhandled API route POST /api/location/nearest-outlet
⚠️  MOCK FALLBACK: Unhandled API route POST /api/location/nearest-outlet
⚠️  MOCK FALLBACK: Unhandled API route POST /api/location/nearest-outlet
⚠️  MOCK FALLBACK: Unhandled API route POST /api/location/nearest-outlet
⚠️  MOCK FALLBACK: Unhandled API route POST /api/location/nearest-outlet
⚠️  MOCK FALLBACK: Unhandled API route POST /api/location/nearest-outlet
⚠️  MOCK FALLBACK: Unhandled API route POST /api/location/nearest-outlet
⚠️  MOCK FALLBACK: Unhandled API route POST /api/location/nearest-outlet
⚠️  MOCK FALLBACK: Unhandled API route POST /api/location/nearest-outlet
⚠️  MOCK FALLBACK: Unhandled API route POST /api/location/nearest-outlet
⚠️  MOCK FALLBACK: Unhandled API route POST /api/location/nearest-outlet
⚠️  MOCK FALLBACK: Unhandled API route POST /api/location/nearest-outlet
⚠️  MOCK FALLBACK: Unhandled API route GET /api/current-referral
⚠️  MOCK FALLBACK: Unhandled API route GET /api/sales-channels
⚠️  MOCK FALLBACK: Unhandled API route GET /api/admin/orderpro/sync-status?brandId=1
